{
  "stats": {
    "suites": 1,
    "tests": 2,
    "passes": 2,
    "pending": 0,
    "failures": 0,
    "start": "2023-10-18T20:55:25.716Z",
    "end": "2023-10-18T20:55:25.811Z",
    "duration": 95,
    "testsRegistered": 2,
    "passPercent": 100,
    "pendingPercent": 0,
    "other": 0,
    "hasOther": false,
    "skipped": 0,
    "hasSkipped": false
  },
  "results": [
    {
      "uuid": "4ad54634-f5c9-4cd4-b668-30cf07116b7a",
      "title": "",
      "fullFile": "src/components/atoms/Home/ToDoList/ItemActions/test/ItemActions.cy.tsx",
      "file": "src/components/atoms/Home/ToDoList/ItemActions/test/ItemActions.cy.tsx",
      "beforeHooks": [],
      "afterHooks": [],
      "tests": [],
      "suites": [
        {
          "uuid": "81f48bb1-f4f4-42c9-93ef-4fdacffa7927",
          "title": "<ItemActions />",
          "fullFile": "",
          "file": "",
          "beforeHooks": [],
          "afterHooks": [],
          "tests": [
            {
              "title": "when the component is mounted, 3 actions should appear: check, edit and remove the task",
              "fullTitle": "<ItemActions /> when the component is mounted, 3 actions should appear: check, edit and remove the task",
              "timedOut": null,
              "duration": 47,
              "state": "passed",
              "speed": "fast",
              "pass": true,
              "fail": false,
              "pending": false,
              "context": null,
              "code": "cy.mount(/*#__PURE__*/ (0,react_jsx_dev_runtime__WEBPACK_IMPORTED_MODULE_0__.jsxDEV)(___WEBPACK_IMPORTED_MODULE_1__[\"default\"], {\n    taskId: 1,\n    handleCheck: ()=>{},\n    handleEdit: ()=>{},\n    handleDelete: ()=>{}\n}, void 0, false, {\n    fileName: \"/Users/dudauhuu/Workplace/BlockBuster/docker-development/projects/frontend-template/src/components/atoms/Home/ToDoList/ItemActions/test/ItemActions.cy.tsx\",\n    lineNumber: 6,\n    columnNumber: 7\n}, undefined));\ncy.getByDataCy(\"check-box-action-1\").should(\"be.visible\");\ncy.getByDataCy(\"edit-action-1\").should(\"be.visible\");\ncy.getByDataCy(\"delete-action-1\").should(\"be.visible\");",
              "err": {},
              "uuid": "ca4b160b-1f6d-4bea-b142-b36d531a1ef9",
              "parentUUID": "81f48bb1-f4f4-42c9-93ef-4fdacffa7927",
              "isHook": false,
              "skipped": false
            },
            {
              "title": "when a task is being edited (with the isOnEditing property equal to true) using this component, should show the close icon.",
              "fullTitle": "<ItemActions /> when a task is being edited (with the isOnEditing property equal to true) using this component, should show the close icon.",
              "timedOut": null,
              "duration": 17,
              "state": "passed",
              "speed": "fast",
              "pass": true,
              "fail": false,
              "pending": false,
              "context": null,
              "code": "cy.mount(/*#__PURE__*/ (0,react_jsx_dev_runtime__WEBPACK_IMPORTED_MODULE_0__.jsxDEV)(___WEBPACK_IMPORTED_MODULE_1__[\"default\"], {\n    taskId: 1,\n    handleCheck: ()=>{},\n    handleEdit: ()=>{},\n    handleDelete: ()=>{},\n    isOnEditing: true\n}, void 0, false, {\n    fileName: \"/Users/dudauhuu/Workplace/BlockBuster/docker-development/projects/frontend-template/src/components/atoms/Home/ToDoList/ItemActions/test/ItemActions.cy.tsx\",\n    lineNumber: 21,\n    columnNumber: 7\n}, undefined));\ncy.getByDataCy(\"close-icon-1\").should(\"be.visible\");",
              "err": {},
              "uuid": "c1f0f70a-5bb1-4b41-9fb7-3bb4a40227ba",
              "parentUUID": "81f48bb1-f4f4-42c9-93ef-4fdacffa7927",
              "isHook": false,
              "skipped": false
            }
          ],
          "suites": [],
          "passes": [
            "ca4b160b-1f6d-4bea-b142-b36d531a1ef9",
            "c1f0f70a-5bb1-4b41-9fb7-3bb4a40227ba"
          ],
          "failures": [],
          "pending": [],
          "skipped": [],
          "duration": 64,
          "root": false,
          "rootEmpty": false,
          "_timeout": 2000
        }
      ],
      "passes": [],
      "failures": [],
      "pending": [],
      "skipped": [],
      "duration": 0,
      "root": true,
      "rootEmpty": true,
      "_timeout": 2000
    }
  ],
  "meta": {
    "mocha": {
      "version": "7.0.1"
    },
    "mochawesome": {
      "options": {
        "quiet": false,
        "reportFilename": "mochawesome",
        "saveHtml": false,
        "saveJson": true,
        "consoleReporter": "spec",
        "useInlineDiffs": false,
        "code": true
      },
      "version": "7.1.3"
    },
    "marge": {
      "options": {
        "reportDir": "cypress/results",
        "overwrite": false,
        "html": false,
        "json": true
      },
      "version": "6.2.0"
    }
  }
}