{
  "stats": {
    "suites": 1,
    "tests": 2,
    "passes": 2,
    "pending": 0,
    "failures": 0,
    "start": "2023-10-18T20:55:07.141Z",
    "end": "2023-10-18T20:55:07.232Z",
    "duration": 91,
    "testsRegistered": 2,
    "passPercent": 100,
    "pendingPercent": 0,
    "other": 0,
    "hasOther": false,
    "skipped": 0,
    "hasSkipped": false
  },
  "results": [
    {
      "uuid": "7654c95d-fe19-45f1-81dd-d930eaff01d1",
      "title": "",
      "fullFile": "src/components/atoms/General/TextFieldWithTextHelp/test/TextFieldWithTextHelp.cy.tsx",
      "file": "src/components/atoms/General/TextFieldWithTextHelp/test/TextFieldWithTextHelp.cy.tsx",
      "beforeHooks": [],
      "afterHooks": [],
      "tests": [],
      "suites": [
        {
          "uuid": "49e1b18c-2348-4fae-96a8-ff8dd70c008b",
          "title": "<TextFieldWithTextHelp />",
          "fullFile": "",
          "file": "",
          "beforeHooks": [],
          "afterHooks": [],
          "tests": [
            {
              "title": "should mount with label and error default false",
              "fullTitle": "<TextFieldWithTextHelp /> should mount with label and error default false",
              "timedOut": null,
              "duration": 53,
              "state": "passed",
              "speed": "fast",
              "pass": true,
              "fail": false,
              "pending": false,
              "context": null,
              "code": "cy.mount(/*#__PURE__*/ (0,react_jsx_dev_runtime__WEBPACK_IMPORTED_MODULE_0__.jsxDEV)(_ComponentUseCase__WEBPACK_IMPORTED_MODULE_1__.ComponentUseCase, {\n    error: false\n}, void 0, false, {\n    fileName: \"/Users/dudauhuu/Workplace/BlockBuster/docker-development/projects/frontend-template/src/components/atoms/General/TextFieldWithTextHelp/test/TextFieldWithTextHelp.cy.tsx\",\n    lineNumber: 5,\n    columnNumber: 14\n}, undefined));\ncy.getByDataCy(\"email-id\").contains(\"Email\");",
              "err": {},
              "uuid": "b7c78f25-24a6-4dc3-b5e6-ad25b4612529",
              "parentUUID": "49e1b18c-2348-4fae-96a8-ff8dd70c008b",
              "isHook": false,
              "skipped": false
            },
            {
              "title": "when the error is true, should show the help text with the content described in the property",
              "fullTitle": "<TextFieldWithTextHelp /> when the error is true, should show the help text with the content described in the property",
              "timedOut": null,
              "duration": 20,
              "state": "passed",
              "speed": "fast",
              "pass": true,
              "fail": false,
              "pending": false,
              "context": null,
              "code": "cy.mount(/*#__PURE__*/ (0,react_jsx_dev_runtime__WEBPACK_IMPORTED_MODULE_0__.jsxDEV)(_ComponentUseCase__WEBPACK_IMPORTED_MODULE_1__.ComponentUseCase, {\n    error: true\n}, void 0, false, {\n    fileName: \"/Users/dudauhuu/Workplace/BlockBuster/docker-development/projects/frontend-template/src/components/atoms/General/TextFieldWithTextHelp/test/TextFieldWithTextHelp.cy.tsx\",\n    lineNumber: 11,\n    columnNumber: 14\n}, undefined));\ncy.getByDataCy(\"help-text-email-id\").should(\"be.visible\").contains(\"Confira se o email est\\xe1 preenchido\");",
              "err": {},
              "uuid": "70c88bda-a8ff-4a42-9480-b00399a561bf",
              "parentUUID": "49e1b18c-2348-4fae-96a8-ff8dd70c008b",
              "isHook": false,
              "skipped": false
            }
          ],
          "suites": [],
          "passes": [
            "b7c78f25-24a6-4dc3-b5e6-ad25b4612529",
            "70c88bda-a8ff-4a42-9480-b00399a561bf"
          ],
          "failures": [],
          "pending": [],
          "skipped": [],
          "duration": 73,
          "root": false,
          "rootEmpty": false,
          "_timeout": 2000
        }
      ],
      "passes": [],
      "failures": [],
      "pending": [],
      "skipped": [],
      "duration": 0,
      "root": true,
      "rootEmpty": true,
      "_timeout": 2000
    }
  ],
  "meta": {
    "mocha": {
      "version": "7.0.1"
    },
    "mochawesome": {
      "options": {
        "quiet": false,
        "reportFilename": "mochawesome",
        "saveHtml": false,
        "saveJson": true,
        "consoleReporter": "spec",
        "useInlineDiffs": false,
        "code": true
      },
      "version": "7.1.3"
    },
    "marge": {
      "options": {
        "reportDir": "cypress/results",
        "overwrite": false,
        "html": false,
        "json": true
      },
      "version": "6.2.0"
    }
  }
}