{
  "stats": {
    "suites": 1,
    "tests": 1,
    "passes": 1,
    "pending": 0,
    "failures": 0,
    "start": "2023-10-18T20:55:04.968Z",
    "end": "2023-10-18T20:55:05.051Z",
    "duration": 83,
    "testsRegistered": 1,
    "passPercent": 100,
    "pendingPercent": 0,
    "other": 0,
    "hasOther": false,
    "skipped": 0,
    "hasSkipped": false
  },
  "results": [
    {
      "uuid": "798a7c43-2847-4467-8134-c367b53ff176",
      "title": "",
      "fullFile": "src/components/atoms/General/BackgroundImage/test/BackgroundImage.cy.tsx",
      "file": "src/components/atoms/General/BackgroundImage/test/BackgroundImage.cy.tsx",
      "beforeHooks": [],
      "afterHooks": [],
      "tests": [],
      "suites": [
        {
          "uuid": "b112b905-c71f-4bb1-be27-e63ed3e1e9ba",
          "title": "<BackgroundImage />",
          "fullFile": "",
          "file": "",
          "beforeHooks": [],
          "afterHooks": [],
          "tests": [
            {
              "title": "when the component is rendered it should show the image",
              "fullTitle": "<BackgroundImage /> when the component is rendered it should show the image",
              "timedOut": null,
              "duration": 45,
              "state": "passed",
              "speed": "fast",
              "pass": true,
              "fail": false,
              "pending": false,
              "context": null,
              "code": "cy.mount(/*#__PURE__*/ (0,react_jsx_dev_runtime__WEBPACK_IMPORTED_MODULE_0__.jsxDEV)(_index__WEBPACK_IMPORTED_MODULE_1__[\"default\"], {}, void 0, false, {\n    fileName: \"/Users/dudauhuu/Workplace/BlockBuster/docker-development/projects/frontend-template/src/components/atoms/General/BackgroundImage/test/BackgroundImage.cy.tsx\",\n    lineNumber: 5,\n    columnNumber: 14\n}, undefined));\ncy.getByDataCy(\"background-image\").should(\"be.visible\");",
              "err": {},
              "uuid": "d4a31dbc-0a32-4b3b-af66-eb5e491797a1",
              "parentUUID": "b112b905-c71f-4bb1-be27-e63ed3e1e9ba",
              "isHook": false,
              "skipped": false
            }
          ],
          "suites": [],
          "passes": [
            "d4a31dbc-0a32-4b3b-af66-eb5e491797a1"
          ],
          "failures": [],
          "pending": [],
          "skipped": [],
          "duration": 45,
          "root": false,
          "rootEmpty": false,
          "_timeout": 2000
        }
      ],
      "passes": [],
      "failures": [],
      "pending": [],
      "skipped": [],
      "duration": 0,
      "root": true,
      "rootEmpty": true,
      "_timeout": 2000
    }
  ],
  "meta": {
    "mocha": {
      "version": "7.0.1"
    },
    "mochawesome": {
      "options": {
        "quiet": false,
        "reportFilename": "mochawesome",
        "saveHtml": false,
        "saveJson": true,
        "consoleReporter": "spec",
        "useInlineDiffs": false,
        "code": true
      },
      "version": "7.1.3"
    },
    "marge": {
      "options": {
        "reportDir": "cypress/results",
        "overwrite": false,
        "html": false,
        "json": true
      },
      "version": "6.2.0"
    }
  }
}