{
  "stats": {
    "suites": 1,
    "tests": 1,
    "passes": 1,
    "pending": 0,
    "failures": 0,
    "start": "2023-10-18T20:55:17.529Z",
    "end": "2023-10-18T20:55:17.643Z",
    "duration": 114,
    "testsRegistered": 1,
    "passPercent": 100,
    "pendingPercent": 0,
    "other": 0,
    "hasOther": false,
    "skipped": 0,
    "hasSkipped": false
  },
  "results": [
    {
      "uuid": "730b78fb-b119-4bad-9577-0d436a4bcfbf",
      "title": "",
      "fullFile": "src/components/organisms/Login/FormContainer/test/FormContainer.cy.tsx",
      "file": "src/components/organisms/Login/FormContainer/test/FormContainer.cy.tsx",
      "beforeHooks": [],
      "afterHooks": [],
      "tests": [],
      "suites": [
        {
          "uuid": "bf3278f8-53d5-42c1-8256-c931d113fde9",
          "title": "<FormContainer />",
          "fullFile": "",
          "file": "",
          "beforeHooks": [],
          "afterHooks": [],
          "tests": [
            {
              "title": "when the form is mount, should show a title Login and the form",
              "fullTitle": "<FormContainer /> when the form is mount, should show a title Login and the form",
              "timedOut": null,
              "duration": 87,
              "state": "passed",
              "speed": "fast",
              "pass": true,
              "fail": false,
              "pending": false,
              "context": null,
              "code": "cy.mount(/*#__PURE__*/ (0,react_jsx_dev_runtime__WEBPACK_IMPORTED_MODULE_0__.jsxDEV)(_context_ReactQueryProvider__WEBPACK_IMPORTED_MODULE_1__[\"default\"], {\n    children: /*#__PURE__*/ (0,react_jsx_dev_runtime__WEBPACK_IMPORTED_MODULE_0__.jsxDEV)(___WEBPACK_IMPORTED_MODULE_3__[\"default\"], {\n        dictionary: src_dictionaries_default_language_collections_default_pt_BR__WEBPACK_IMPORTED_MODULE_2__.ptBR\n    }, void 0, false, {\n        fileName: \"/Users/dudauhuu/Workplace/BlockBuster/docker-development/projects/frontend-template/src/components/organisms/Login/FormContainer/test/FormContainer.cy.tsx\",\n        lineNumber: 9,\n        columnNumber: 9\n    }, undefined)\n}, void 0, false, {\n    fileName: \"/Users/dudauhuu/Workplace/BlockBuster/docker-development/projects/frontend-template/src/components/organisms/Login/FormContainer/test/FormContainer.cy.tsx\",\n    lineNumber: 8,\n    columnNumber: 7\n}, undefined));\ncy.getByDataCy(\"title-login\").contains(\"Conecte-se\");\ncy.getByDataCy(\"form-login\").should(\"be.visible\");",
              "err": {},
              "uuid": "9fbc847e-26dd-4bcc-93c9-99c8a8cc6499",
              "parentUUID": "bf3278f8-53d5-42c1-8256-c931d113fde9",
              "isHook": false,
              "skipped": false
            }
          ],
          "suites": [],
          "passes": [
            "9fbc847e-26dd-4bcc-93c9-99c8a8cc6499"
          ],
          "failures": [],
          "pending": [],
          "skipped": [],
          "duration": 87,
          "root": false,
          "rootEmpty": false,
          "_timeout": 2000
        }
      ],
      "passes": [],
      "failures": [],
      "pending": [],
      "skipped": [],
      "duration": 0,
      "root": true,
      "rootEmpty": true,
      "_timeout": 2000
    }
  ],
  "meta": {
    "mocha": {
      "version": "7.0.1"
    },
    "mochawesome": {
      "options": {
        "quiet": false,
        "reportFilename": "mochawesome",
        "saveHtml": false,
        "saveJson": true,
        "consoleReporter": "spec",
        "useInlineDiffs": false,
        "code": true
      },
      "version": "7.1.3"
    },
    "marge": {
      "options": {
        "reportDir": "cypress/results",
        "overwrite": false,
        "html": false,
        "json": true
      },
      "version": "6.2.0"
    }
  }
}